<testsuite failures="1" name="ID_002_krtestcra_workshop_api_merchant_contact_mechanic_POST_verified.feature" skipped="0" tests="1" time="0.214654"><testcase classname="ID_002_krtestcra_workshop_api_merchant_contact_mechanic_POST_verified" name="Attempt to contact a mechanic without proper authentication" time="0.214654"><failure message="no step-definition method match found for: status code is 401&#10;classpath:ID_002_krtestcra_workshop_api_merchant_contact_mechanic_POST_verified.feature:13">Given url "http://192.168.1.112:3133/workshop/api/merchant/contact_mechanic" . passed
And request ............................................................... passed
When method post .......................................................... passed
Then status code is 401 ................................................... failed

Stack Trace:
com.intuit.karate.KarateException: no step-definition method match found for: status code is 401
classpath:ID_002_krtestcra_workshop_api_merchant_contact_mechanic_POST_verified.feature:13
	at &lt;feature&gt;.: Then status code is 401 (classpath:ID_002_krtestcra_workshop_api_merchant_contact_mechanic_POST_verified.feature:13:13)

And match response contains "Unauthorized" ................................ skipped
</failure></testcase>
</testsuite>