<testsuite failures="1" name="ID_001_krtestjui_api_Users__POST_verified.feature" skipped="0" tests="1" time="1.997267"><testcase classname="ID_001_krtestjui_api_Users__POST_verified" name="Attempt to access user documents without being an 'admin' or 'editor'" time="1.997267"><failure message="status code was: 201, expected: 403, response time in milliseconds: 1795, url: http://192.168.1.112:3133/api/Users/, response: &#10;{&quot;status&quot;:&quot;success&quot;,&quot;data&quot;:{&quot;username&quot;:&quot;&quot;,&quot;role&quot;:&quot;customer&quot;,&quot;deluxeToken&quot;:&quot;&quot;,&quot;lastLoginIp&quot;:&quot;0.0.0.0&quot;,&quot;profileImage&quot;:&quot;/assets/public/images/uploads/default.svg&quot;,&quot;isActive&quot;:true,&quot;id&quot;:26,&quot;updatedAt&quot;:&quot;2024-11-12T19:41:20.054Z&quot;,&quot;createdAt&quot;:&quot;2024-11-12T19:41:20.054Z&quot;,&quot;email&quot;:null,&quot;deletedAt&quot;:null}}&#10;classpath:ID_001_krtestjui_api_Users__POST_verified.feature:7">Given url "http://192.168.1.112:3133/api/Users/" .......................... passed
And header Authorization = "Bearer &lt;regular_user_token&gt;" .................. passed
When method post .......................................................... passed
Then status 403 ........................................................... failed

Stack Trace:
com.intuit.karate.KarateException: status code was: 201, expected: 403, response time in milliseconds: 1795, url: http://192.168.1.112:3133/api/Users/, response: 
{"status":"success","data":{"username":"","role":"customer","deluxeToken":"","lastLoginIp":"0.0.0.0","profileImage":"/assets/public/images/uploads/default.svg","isActive":true,"id":26,"updatedAt":"2024-11-12T19:41:20.054Z","createdAt":"2024-11-12T19:41:20.054Z","email":null,"deletedAt":null}}
classpath:ID_001_krtestjui_api_Users__POST_verified.feature:7
	at &lt;feature&gt;.: Then status 403 (classpath:ID_001_krtestjui_api_Users__POST_verified.feature:7:7)

And match response contains "You do not have permission to access this document." . skipped
</failure></testcase>
</testsuite>