[INFO] Scanning for projects...
[INFO] 
[INFO] -----------< com.bolatestingframework:bolatestingframework >------------
[INFO] Building bolatestingframework 1.0.0-SNAPSHOT
[INFO] --------------------------------[ jar ]---------------------------------
[INFO] 
[INFO] --- maven-resources-plugin:2.6:resources (default-resources) @ bolatestingframework ---
[INFO] Using 'UTF-8' encoding to copy filtered resources.
[INFO] skip non existing resourceDirectory /app/src/main/resources
[INFO] 
[INFO] --- maven-compiler-plugin:3.11.0:compile (default-compile) @ bolatestingframework ---
[INFO] No sources to compile
[INFO] 
[INFO] --- maven-resources-plugin:2.6:testResources (default-testResources) @ bolatestingframework ---
[INFO] Using 'UTF-8' encoding to copy filtered resources.
[INFO] Copying 3 resources
[INFO] 
[INFO] --- maven-compiler-plugin:3.11.0:testCompile (default-testCompile) @ bolatestingframework ---
[INFO] Nothing to compile - all classes are up to date
[INFO] 
[INFO] --- maven-surefire-plugin:3.0.0:test (default-test) @ bolatestingframework ---
[INFO] Using auto detected provider org.apache.maven.surefire.junitplatform.JUnitPlatformProvider
[INFO] 
[INFO] -------------------------------------------------------
[INFO]  T E S T S
[INFO] -------------------------------------------------------
[INFO] Running karate.KarateTestRunner
05:48:05.908 [main] ERROR com.intuit.karate.core.FeatureParser -- not a valid feature file: ID_001_krtestjui_api_Users__POST_verified.feature - mismatched input '<EOF>' expecting {FEATURE_TAGS, FEATURE}
[ERROR] Tests run: 1, Failures: 0, Errors: 1, Skipped: 0, Time elapsed: 0.676 s <<< FAILURE! - in karate.KarateTestRunner
[ERROR] karate.KarateTestRunner.testFeatureFile  Time elapsed: 0.658 s  <<< ERROR!
java.lang.RuntimeException: mismatched input '<EOF>' expecting {FEATURE_TAGS, FEATURE}
	at com.intuit.karate.core.FeatureParser.parse(FeatureParser.java:74)
	at com.intuit.karate.core.Feature.read(Feature.java:63)
	at com.intuit.karate.resource.ResourceUtils.findFeatureFiles(ResourceUtils.java:95)
	at com.intuit.karate.Runner$Builder.resolveAll(Runner.java:248)
	at com.intuit.karate.Suite.<init>(Suite.java:177)
	at com.intuit.karate.Runner$Builder.parallel(Runner.java:483)
	at karate.KarateTestRunner.testFeatureFile(KarateTestRunner.java:17)
	at java.base/jdk.internal.reflect.NativeMethodAccessorImpl.invoke0(Native Method)
	at java.base/jdk.internal.reflect.NativeMethodAccessorImpl.invoke(NativeMethodAccessorImpl.java:77)
	at java.base/jdk.internal.reflect.DelegatingMethodAccessorImpl.invoke(DelegatingMethodAccessorImpl.java:43)
	at java.base/java.lang.reflect.Method.invoke(Method.java:568)
	at org.junit.platform.commons.util.ReflectionUtils.invokeMethod(ReflectionUtils.java:727)
	at org.junit.jupiter.engine.execution.MethodInvocation.proceed(MethodInvocation.java:60)
	at org.junit.jupiter.engine.execution.InvocationInterceptorChain$ValidatingInvocation.proceed(InvocationInterceptorChain.java:131)
	at org.junit.jupiter.engine.extension.TimeoutExtension.intercept(TimeoutExtension.java:156)
	at org.junit.jupiter.engine.extension.TimeoutExtension.interceptTestableMethod(TimeoutExtension.java:147)
	at org.junit.jupiter.engine.extension.TimeoutExtension.interceptTestMethod(TimeoutExtension.java:86)
	at org.junit.jupiter.engine.execution.InterceptingExecutableInvoker$ReflectiveInterceptorCall.lambda$ofVoidMethod$0(InterceptingExecutableInvoker.java:103)
	at org.junit.jupiter.engine.execution.InterceptingExecutableInvoker.lambda$invoke$0(InterceptingExecutableInvoker.java:93)
	at org.junit.jupiter.engine.execution.InvocationInterceptorChain$InterceptedInvocation.proceed(InvocationInterceptorChain.java:106)
	at org.junit.jupiter.engine.execution.InvocationInterceptorChain.proceed(InvocationInterceptorChain.java:64)
	at org.junit.jupiter.engine.execution.InvocationInterceptorChain.chainAndInvoke(InvocationInterceptorChain.java:45)
	at org.junit.jupiter.engine.execution.InvocationInterceptorChain.invoke(InvocationInterceptorChain.java:37)
	at org.junit.jupiter.engine.execution.InterceptingExecutableInvoker.invoke(InterceptingExecutableInvoker.java:92)
	at org.junit.jupiter.engine.execution.InterceptingExecutableInvoker.invoke(InterceptingExecutableInvoker.java:86)
	at org.junit.jupiter.engine.descriptor.TestMethodTestDescriptor.lambda$invokeTestMethod$7(TestMethodTestDescriptor.java:217)
	at org.junit.platform.engine.support.hierarchical.ThrowableCollector.execute(ThrowableCollector.java:73)
	at org.junit.jupiter.engine.descriptor.TestMethodTestDescriptor.invokeTestMethod(TestMethodTestDescriptor.java:213)
	at org.junit.jupiter.engine.descriptor.TestMethodTestDescriptor.execute(TestMethodTestDescriptor.java:138)
	at org.junit.jupiter.engine.descriptor.TestMethodTestDescriptor.execute(TestMethodTestDescriptor.java:68)
	at org.junit.platform.engine.support.hierarchical.NodeTestTask.lambda$executeRecursively$6(NodeTestTask.java:151)
	at org.junit.platform.engine.support.hierarchical.ThrowableCollector.execute(ThrowableCollector.java:73)
	at org.junit.platform.engine.support.hierarchical.NodeTestTask.lambda$executeRecursively$8(NodeTestTask.java:141)
	at org.junit.platform.engine.support.hierarchical.Node.around(Node.java:137)
	at org.junit.platform.engine.support.hierarchical.NodeTestTask.lambda$executeRecursively$9(NodeTestTask.java:139)
	at org.junit.platform.engine.support.hierarchical.ThrowableCollector.execute(ThrowableCollector.java:73)
	at org.junit.platform.engine.support.hierarchical.NodeTestTask.executeRecursively(NodeTestTask.java:138)
	at org.junit.platform.engine.support.hierarchical.NodeTestTask.execute(NodeTestTask.java:95)
	at java.base/java.util.ArrayList.forEach(ArrayList.java:1511)
	at org.junit.platform.engine.support.hierarchical.SameThreadHierarchicalTestExecutorService.invokeAll(SameThreadHierarchicalTestExecutorService.java:41)
	at org.junit.platform.engine.support.hierarchical.NodeTestTask.lambda$executeRecursively$6(NodeTestTask.java:155)
	at org.junit.platform.engine.support.hierarchical.ThrowableCollector.execute(ThrowableCollector.java:73)
	at org.junit.platform.engine.support.hierarchical.NodeTestTask.lambda$executeRecursively$8(NodeTestTask.java:141)
	at org.junit.platform.engine.support.hierarchical.Node.around(Node.java:137)
	at org.junit.platform.engine.support.hierarchical.NodeTestTask.lambda$executeRecursively$9(NodeTestTask.java:139)
	at org.junit.platform.engine.support.hierarchical.ThrowableCollector.execute(ThrowableCollector.java:73)
	at org.junit.platform.engine.support.hierarchical.NodeTestTask.executeRecursively(NodeTestTask.java:138)
	at org.junit.platform.engine.support.hierarchical.NodeTestTask.execute(NodeTestTask.java:95)
	at java.base/java.util.ArrayList.forEach(ArrayList.java:1511)
	at org.junit.platform.engine.support.hierarchical.SameThreadHierarchicalTestExecutorService.invokeAll(SameThreadHierarchicalTestExecutorService.java:41)
	at org.junit.platform.engine.support.hierarchical.NodeTestTask.lambda$executeRecursively$6(NodeTestTask.java:155)
	at org.junit.platform.engine.support.hierarchical.ThrowableCollector.execute(ThrowableCollector.java:73)
	at org.junit.platform.engine.support.hierarchical.NodeTestTask.lambda$executeRecursively$8(NodeTestTask.java:141)
	at org.junit.platform.engine.support.hierarchical.Node.around(Node.java:137)
	at org.junit.platform.engine.support.hierarchical.NodeTestTask.lambda$executeRecursively$9(NodeTestTask.java:139)
	at org.junit.platform.engine.support.hierarchical.ThrowableCollector.execute(ThrowableCollector.java:73)
	at org.junit.platform.engine.support.hierarchical.NodeTestTask.executeRecursively(NodeTestTask.java:138)
	at org.junit.platform.engine.support.hierarchical.NodeTestTask.execute(NodeTestTask.java:95)
	at org.junit.platform.engine.support.hierarchical.SameThreadHierarchicalTestExecutorService.submit(SameThreadHierarchicalTestExecutorService.java:35)
	at org.junit.platform.engine.support.hierarchical.HierarchicalTestExecutor.execute(HierarchicalTestExecutor.java:57)
	at org.junit.platform.engine.support.hierarchical.HierarchicalTestEngine.execute(HierarchicalTestEngine.java:54)
	at org.junit.platform.launcher.core.EngineExecutionOrchestrator.execute(EngineExecutionOrchestrator.java:147)
	at org.junit.platform.launcher.core.EngineExecutionOrchestrator.execute(EngineExecutionOrchestrator.java:127)
	at org.junit.platform.launcher.core.EngineExecutionOrchestrator.execute(EngineExecutionOrchestrator.java:90)
	at org.junit.platform.launcher.core.EngineExecutionOrchestrator.lambda$execute$0(EngineExecutionOrchestrator.java:55)
	at org.junit.platform.launcher.core.EngineExecutionOrchestrator.withInterceptedStreams(EngineExecutionOrchestrator.java:102)
	at org.junit.platform.launcher.core.EngineExecutionOrchestrator.execute(EngineExecutionOrchestrator.java:54)
	at org.junit.platform.launcher.core.DefaultLauncher.execute(DefaultLauncher.java:114)
	at org.junit.platform.launcher.core.DefaultLauncher.execute(DefaultLauncher.java:86)
	at org.junit.platform.launcher.core.DefaultLauncherSession$DelegatingLauncher.execute(DefaultLauncherSession.java:86)
	at org.apache.maven.surefire.junitplatform.LazyLauncher.execute(LazyLauncher.java:50)
	at org.apache.maven.surefire.junitplatform.JUnitPlatformProvider.execute(JUnitPlatformProvider.java:184)
	at org.apache.maven.surefire.junitplatform.JUnitPlatformProvider.invokeAllTests(JUnitPlatformProvider.java:148)
	at org.apache.maven.surefire.junitplatform.JUnitPlatformProvider.invoke(JUnitPlatformProvider.java:122)
	at org.apache.maven.surefire.booter.ForkedBooter.runSuitesInProcess(ForkedBooter.java:385)
	at org.apache.maven.surefire.booter.ForkedBooter.execute(ForkedBooter.java:162)
	at org.apache.maven.surefire.booter.ForkedBooter.run(ForkedBooter.java:507)
	at org.apache.maven.surefire.booter.ForkedBooter.main(ForkedBooter.java:495)

[INFO] 
[INFO] Results:
[INFO] 
[ERROR] Errors: 
[ERROR]   KarateTestRunner.testFeatureFile:17 Â» Runtime mismatched input '<EOF>' expecting {FEATURE_TAGS, FEATURE}
[INFO] 
[ERROR] Tests run: 1, Failures: 0, Errors: 1, Skipped: 0
[INFO] 
[INFO] ------------------------------------------------------------------------
[INFO] BUILD FAILURE
[INFO] ------------------------------------------------------------------------
[INFO] Total time:  1.883 s
[INFO] Finished at: 2024-11-10T05:48:05Z
[INFO] ------------------------------------------------------------------------
[ERROR] Failed to execute goal org.apache.maven.plugins:maven-surefire-plugin:3.0.0:test (default-test) on project bolatestingframework: 
[ERROR] 
[ERROR] Please refer to /app/target/surefire-reports for the individual test results.
[ERROR] Please refer to dump files (if any exist) [date].dump, [date]-jvmRun[N].dump and [date].dumpstream.
[ERROR] -> [Help 1]
[ERROR] 
[ERROR] To see the full stack trace of the errors, re-run Maven with the -e switch.
[ERROR] Re-run Maven using the -X switch to enable full debug logging.
[ERROR] 
[ERROR] For more information about the errors and possible solutions, please read the following articles:
[ERROR] [Help 1] http://cwiki.apache.org/confluence/display/MAVEN/MojoFailureException
line 1:0 token recognition error at: '{'
line 1:1 token recognition error at: '\n  "'
line 2:3 token recognition error at: 'f'
line 2:4 token recognition error at: 'e'
line 2:5 token recognition error at: 'a'
line 2:6 token recognition error at: 't'
line 2:7 token recognition error at: 'u'
line 2:8 token recognition error at: 'r'
line 2:9 token recognition error at: 'e'
line 2:10 token recognition error at: '"'
line 2:11 token recognition error at: ':'
line 2:12 token recognition error at: ' "'
line 2:14 token recognition error at: 'T'
line 2:15 token recognition error at: 'e'
line 2:16 token recognition error at: 's'
line 2:17 token recognition error at: 't'
line 2:18 token recognition error at: 'i'
line 2:19 token recognition error at: 'n'
line 2:20 token recognition error at: 'g'
line 2:21 token recognition error at: ' f'
line 2:23 token recognition error at: 'o'
line 2:24 token recognition error at: 'r'
line 2:25 token recognition error at: ' B'
line 2:27 token recognition error at: 'r'
line 2:28 token recognition error at: 'o'
line 2:29 token recognition error at: 'k'
line 2:30 token recognition error at: 'e'
line 2:31 token recognition error at: 'n'
line 2:32 token recognition error at: ' A'
line 2:34 token recognition error at: 'u'
line 2:35 token recognition error at: 't'
line 2:36 token recognition error at: 'h'
line 2:37 token recognition error at: 'e'
line 2:38 token recognition error at: 'n'
line 2:39 token recognition error at: 't'
line 2:40 token recognition error at: 'i'
line 2:41 token recognition error at: 'c'
line 2:42 token recognition error at: 'a'
line 2:43 token recognition error at: 't'
line 2:44 token recognition error at: 'i'
line 2:45 token recognition error at: 'o'
line 2:46 token recognition error at: 'n'
line 2:47 token recognition error at: '/'
line 2:48 token recognition error at: 'A'
line 2:49 token recognition error at: 'u'
line 2:50 token recognition error at: 't'
line 2:51 token recognition error at: 'h'
line 2:52 token recognition error at: 'o'
line 2:53 token recognition error at: 'r'
line 2:54 token recognition error at: 'i'
line 2:55 token recognition error at: 'z'
line 2:56 token recognition error at: 'a'
line 2:57 token recognition error at: 't'
line 2:58 token recognition error at: 'i'
line 2:59 token recognition error at: 'o'
line 2:60 token recognition error at: 'n'
line 2:61 token recognition error at: '"'
line 2:62 token recognition error at: ','
line 2:63 token recognition error at: '\n  "'
line 3:3 token recognition error at: 's'
line 3:4 token recognition error at: 'c'
line 3:5 token recognition error at: 'e'
line 3:6 token recognition error at: 'n'
line 3:7 token recognition error at: 'a'
line 3:8 token recognition error at: 'r'
line 3:9 token recognition error at: 'i'
line 3:10 token recognition error at: 'o'
line 3:11 token recognition error at: '"'
line 3:12 token recognition error at: ':'
line 3:13 token recognition error at: ' "'
line 3:15 token recognition error at: 'V'
line 3:16 token recognition error at: 'e'
line 3:17 token recognition error at: 'r'
line 3:18 token recognition error at: 'i'
line 3:19 token recognition error at: 'f'
line 3:20 token recognition error at: 'y'
line 3:21 token recognition error at: ' t'
line 3:23 token recognition error at: 'h'
line 3:24 token recognition error at: 'e'
line 3:25 token recognition error at: ' /'
line 3:27 token recognition error at: 'a'
line 3:28 token recognition error at: 'p'
line 3:29 token recognition error at: 'i'
line 3:30 token recognition error at: '/'
line 3:31 token recognition error at: 'U'
line 3:32 token recognition error at: 's'
line 3:33 token recognition error at: 'e'
line 3:34 token recognition error at: 'r'
line 3:35 token recognition error at: 's'
line 3:36 token recognition error at: ' e'
line 3:38 token recognition error at: 'n'
line 3:39 token recognition error at: 'd'
line 3:40 token recognition error at: 'p'
line 3:41 token recognition error at: 'o'
line 3:42 token recognition error at: 'i'
line 3:43 token recognition error at: 'n'
line 3:44 token recognition error at: 't'
line 3:45 token recognition error at: ' d'
line 3:47 token recognition error at: 'o'
line 3:48 token recognition error at: 'e'
line 3:49 token recognition error at: 's'
line 3:50 token recognition error at: ' n'
line 3:52 token recognition error at: 'o'
line 3:53 token recognition error at: 't'
line 3:54 token recognition error at: ' a'
line 3:56 token recognition error at: 'l'
line 3:57 token recognition error at: 'l'
line 3:58 token recognition error at: 'o'
line 3:59 token recognition error at: 'w'
line 3:60 token recognition error at: ' u'
line 3:62 token recognition error at: 'n'
line 3:63 token recognition error at: 'a'
line 3:64 token recognition error at: 'u'
line 3:65 token recognition error at: 't'
line 3:66 token recognition error at: 'h'
line 3:67 token recognition error at: 'o'
line 3:68 token recognition error at: 'r'
line 3:69 token recognition error at: 'i'
line 3:70 token recognition error at: 'z'
line 3:71 token recognition error at: 'e'
line 3:72 token recognition error at: 'd'
line 3:73 token recognition error at: ' a'
line 3:75 token recognition error at: 'c'
line 3:76 token recognition error at: 'c'
line 3:77 token recognition error at: 'e'
line 3:78 token recognition error at: 's'
line 3:79 token recognition error at: 's'
line 3:80 token recognition error at: ' o'
line 3:82 token recognition error at: 'r'
line 3:83 token recognition error at: ' i'
line 3:85 token recognition error at: 'm'
line 3:86 token recognition error at: 'p'
line 3:87 token recognition error at: 'r'
line 3:88 token recognition error at: 'o'
line 3:89 token recognition error at: 'p'
line 3:90 token recognition error at: 'e'
line 3:91 token recognition error at: 'r'
line 3:92 token recognition error at: ' a'
line 3:94 token recognition error at: 'u'
line 3:95 token recognition error at: 't'
line 3:96 token recognition error at: 'h'
line 3:97 token recognition error at: 'e'
line 3:98 token recognition error at: 'n'
line 3:99 token recognition error at: 't'
line 3:100 token recognition error at: 'i'
line 3:101 token recognition error at: 'c'
line 3:102 token recognition error at: 'a'
line 3:103 token recognition error at: 't'
line 3:104 token recognition error at: 'i'
line 3:105 token recognition error at: 'o'
line 3:106 token recognition error at: 'n'
line 3:107 token recognition error at: ' h'
line 3:109 token recognition error at: 'a'
line 3:110 token recognition error at: 'n'
line 3:111 token recognition error at: 'd'
line 3:112 token recognition error at: 'l'
line 3:113 token recognition error at: 'i'
line 3:114 token recognition error at: 'n'
line 3:115 token recognition error at: 'g'
line 3:116 token recognition error at: '.'
line 3:117 token recognition error at: '"'
line 3:118 token recognition error at: ','
line 3:119 token recognition error at: '\n  "'
line 4:3 token recognition error at: 's'
line 4:4 token recognition error at: 't'
line 4:5 token recognition error at: 'e'
line 4:6 token recognition error at: 'p'
line 4:7 token recognition error at: 's'
line 4:8 token recognition error at: '"'
line 4:9 token recognition error at: ':'
line 4:10 token recognition error at: ' ['
line 4:12 token recognition error at: '\n    {'
line 5:5 token recognition error at: '\n      "'
line 6:7 token recognition error at: 'G'
line 6:8 token recognition error at: 'i'
line 6:9 token recognition error at: 'v'
line 6:10 token recognition error at: 'e'
line 6:11 token recognition error at: 'n'
line 6:12 token recognition error at: ' ''
line 6:14 token recognition error at: 'h'
line 6:15 token recognition error at: 't'
line 6:16 token recognition error at: 't'
line 6:17 token recognition error at: 'p'
line 6:18 token recognition error at: ':'
line 6:19 token recognition error at: '/'
line 6:20 token recognition error at: '/'
line 6:21 token recognition error at: '1'
line 6:22 token recognition error at: '9'
line 6:23 token recognition error at: '2'
line 6:24 token recognition error at: '.'
line 6:25 token recognition error at: '1'
line 6:26 token recognition error at: '6'
line 6:27 token recognition error at: '8'
line 6:28 token recognition error at: '.'
line 6:29 token recognition error at: '1'
line 6:30 token recognition error at: '.'
line 6:31 token recognition error at: '1'
line 6:32 token recognition error at: '0'
line 6:33 token recognition error at: '6'
line 6:34 token recognition error at: ':'
line 6:35 token recognition error at: '5'
line 6:36 token recognition error at: '0'
line 6:37 token recognition error at: '8'
line 6:38 token recognition error at: '0'
line 6:39 token recognition error at: '/'
line 6:40 token recognition error at: 'a'
line 6:41 token recognition error at: 'p'
line 6:42 token recognition error at: 'i'
line 6:43 token recognition error at: '/'
line 6:44 token recognition error at: 'U'
line 6:45 token recognition error at: 's'
line 6:46 token recognition error at: 'e'
line 6:47 token recognition error at: 'r'
line 6:48 token recognition error at: 's'
line 6:49 token recognition error at: '''
line 6:50 token recognition error at: '"'
line 6:51 token recognition error at: ','
line 6:52 token recognition error at: '\n      "'
line 7:7 token recognition error at: 'A'
line 7:8 token recognition error at: 'n'
line 7:9 token recognition error at: 'd'
line 7:10 token recognition error at: ' r'
line 7:12 token recognition error at: 'e'
line 7:13 token recognition error at: 'q'
line 7:14 token recognition error at: 'u'
line 7:15 token recognition error at: 'e'
line 7:16 token recognition error at: 's'
line 7:17 token recognition error at: 't'
line 7:18 token recognition error at: ' {'
line 7:20 token recognition error at: '''
line 7:21 token recognition error at: 'u'
line 7:22 token recognition error at: 's'
line 7:23 token recognition error at: 'e'
line 7:24 token recognition error at: 'r'
line 7:25 token recognition error at: 'n'
line 7:26 token recognition error at: 'a'
line 7:27 token recognition error at: 'm'
line 7:28 token recognition error at: 'e'
line 7:29 token recognition error at: '''
line 7:30 token recognition error at: ':'
line 7:31 token recognition error at: ' ''
line 7:33 token recognition error at: 'a'
line 7:34 token recognition error at: 'd'
line 7:35 token recognition error at: 'm'
line 7:36 token recognition error at: 'i'
line 7:37 token recognition error at: 'n'
line 7:38 token recognition error at: '''
line 7:39 token recognition error at: ','
line 7:40 token recognition error at: ' ''
line 7:42 token recognition error at: 'p'
line 7:43 token recognition error at: 'a'
line 7:44 token recognition error at: 's'
line 7:45 token recognition error at: 's'
line 7:46 token recognition error at: 'w'
line 7:47 token recognition error at: 'o'
line 7:48 token recognition error at: 'r'
line 7:49 token recognition error at: 'd'
line 7:50 token recognition error at: '''
line 7:51 token recognition error at: ':'
line 7:52 token recognition error at: ' ''
line 7:54 token recognition error at: 'w'
line 7:55 token recognition error at: 'r'
line 7:56 token recognition error at: 'o'
line 7:57 token recognition error at: 'n'
line 7:58 token recognition error at: 'g'
line 7:59 token recognition error at: '_'
line 7:60 token recognition error at: 'p'
line 7:61 token recognition error at: 'a'
line 7:62 token recognition error at: 's'
line 7:63 token recognition error at: 's'
line 7:64 token recognition error at: 'w'
line 7:65 token recognition error at: 'o'
line 7:66 token recognition error at: 'r'
line 7:67 token recognition error at: 'd'
line 7:68 token recognition error at: '''
line 7:69 token recognition error at: '}'
line 7:70 token recognition error at: '"'
line 7:71 token recognition error at: '\n    }'
line 8:5 token recognition error at: ','
line 8:6 token recognition error at: '\n    {'
line 9:5 token recognition error at: '\n      "'
line 10:7 token recognition error at: 'W'
line 10:8 token recognition error at: 'h'
line 10:9 token recognition error at: 'e'
line 10:10 token recognition error at: 'n'
line 10:11 token recognition error at: ' m'
line 10:13 token recognition error at: 'e'
line 10:14 token recognition error at: 't'
line 10:15 token recognition error at: 'h'
line 10:16 token recognition error at: 'o'
line 10:17 token recognition error at: 'd'
line 10:18 token recognition error at: ' p'
line 10:20 token recognition error at: 'o'
line 10:21 token recognition error at: 's'
line 10:22 token recognition error at: 't'
line 10:23 token recognition error at: '"'
line 10:24 token recognition error at: '\n    }'
line 11:5 token recognition error at: ','
line 11:6 token recognition error at: '\n    {'
line 12:5 token recognition error at: '\n      "'
line 13:7 token recognition error at: 'T'
line 13:8 token recognition error at: 'h'
line 13:9 token recognition error at: 'e'
line 13:10 token recognition error at: 'n'
line 13:11 token recognition error at: ' s'
line 13:13 token recognition error at: 't'
line 13:14 token recognition error at: 'a'
line 13:15 token recognition error at: 't'
line 13:16 token recognition error at: 'u'
line 13:17 token recognition error at: 's'
line 13:18 token recognition error at: ' 4'
line 13:20 token recognition error at: '0'
line 13:21 token recognition error at: '3'
line 13:22 token recognition error at: ' o'
line 13:24 token recognition error at: 'r'
line 13:25 token recognition error at: ' 4'
line 13:27 token recognition error at: '0'
line 13:28 token recognition error at: '1'
line 13:29 token recognition error at: ' w'
line 13:31 token recognition error at: 'i'
line 13:32 token recognition error at: 't'
line 13:33 token recognition error at: 'h'
line 13:34 token recognition error at: ' m'
line 13:36 token recognition error at: 'e'
line 13:37 token recognition error at: 's'
line 13:38 token recognition error at: 's'
line 13:39 token recognition error at: 'a'
line 13:40 token recognition error at: 'g'
line 13:41 token recognition error at: 'e'
line 13:42 token recognition error at: ' c'
line 13:44 token recognition error at: 'o'
line 13:45 token recognition error at: 'n'
line 13:46 token recognition error at: 't'
line 13:47 token recognition error at: 'a'
line 13:48 token recognition error at: 'i'
line 13:49 token recognition error at: 'n'
line 13:50 token recognition error at: 'i'
line 13:51 token recognition error at: 'n'
line 13:52 token recognition error at: 'g'
line 13:53 token recognition error at: ' ''
line 13:55 token recognition error at: 'U'
line 13:56 token recognition error at: 'n'
line 13:57 token recognition error at: 'a'
line 13:58 token recognition error at: 'u'
line 13:59 token recognition error at: 't'
line 13:60 token recognition error at: 'h'
line 13:61 token recognition error at: 'o'
line 13:62 token recognition error at: 'r'
line 13:63 token recognition error at: 'i'
line 13:64 token recognition error at: 'z'
line 13:65 token recognition error at: 'e'
line 13:66 token recognition error at: 'd'
line 13:67 token recognition error at: '''
line 13:68 token recognition error at: '"'
line 13:69 token recognition error at: '\n    }'
line 14:5 token recognition error at: ','
line 14:6 token recognition error at: '\n    {'
line 15:5 token recognition error at: '\n      "'
line 16:7 token recognition error at: 'G'
line 16:8 token recognition error at: 'i'
line 16:9 token recognition error at: 'v'
line 16:10 token recognition error at: 'e'
line 16:11 token recognition error at: 'n'
line 16:12 token recognition error at: ' ''
line 16:14 token recognition error at: 'h'
line 16:15 token recognition error at: 't'
line 16:16 token recognition error at: 't'
line 16:17 token recognition error at: 'p'
line 16:18 token recognition error at: ':'
line 16:19 token recognition error at: '/'
line 16:20 token recognition error at: '/'
line 16:21 token recognition error at: '1'
line 16:22 token recognition error at: '9'
line 16:23 token recognition error at: '2'
line 16:24 token recognition error at: '.'
line 16:25 token recognition error at: '1'
line 16:26 token recognition error at: '6'
line 16:27 token recognition error at: '8'
line 16:28 token recognition error at: '.'
line 16:29 token recognition error at: '1'
line 16:30 token recognition error at: '.'
line 16:31 token recognition error at: '1'
line 16:32 token recognition error at: '0'
line 16:33 token recognition error at: '6'
line 16:34 token recognition error at: ':'
line 16:35 token recognition error at: '5'
line 16:36 token recognition error at: '0'
line 16:37 token recognition error at: '8'
line 16:38 token recognition error at: '0'
line 16:39 token recognition error at: '/'
line 16:40 token recognition error at: 'a'
line 16:41 token recognition error at: 'p'
line 16:42 token recognition error at: 'i'
line 16:43 token recognition error at: '/'
line 16:44 token recognition error at: 'U'
line 16:45 token recognition error at: 's'
line 16:46 token recognition error at: 'e'
line 16:47 token recognition error at: 'r'
line 16:48 token recognition error at: 's'
line 16:49 token recognition error at: '''
line 16:50 token recognition error at: '"'
line 16:51 token recognition error at: ','
line 16:52 token recognition error at: '\n      "'
line 17:7 token recognition error at: 'A'
line 17:8 token recognition error at: 'n'
line 17:9 token recognition error at: 'd'
line 17:10 token recognition error at: ' r'
line 17:12 token recognition error at: 'e'
line 17:13 token recognition error at: 'q'
line 17:14 token recognition error at: 'u'
line 17:15 token recognition error at: 'e'
line 17:16 token recognition error at: 's'
line 17:17 token recognition error at: 't'
line 17:18 token recognition error at: ' {'
line 17:20 token recognition error at: '''
line 17:21 token recognition error at: 'u'
line 17:22 token recognition error at: 's'
line 17:23 token recognition error at: 'e'
line 17:24 token recognition error at: 'r'
line 17:25 token recognition error at: 'n'
line 17:26 token recognition error at: 'a'
line 17:27 token recognition error at: 'm'
line 17:28 token recognition error at: 'e'
line 17:29 token recognition error at: '''
line 17:30 token recognition error at: ':'
line 17:31 token recognition error at: ' ''
line 17:33 token recognition error at: 'a'
line 17:34 token recognition error at: 'd'
line 17:35 token recognition error at: 'm'
line 17:36 token recognition error at: 'i'
line 17:37 token recognition error at: 'n'
line 17:38 token recognition error at: '''
line 17:39 token recognition error at: ','
line 17:40 token recognition error at: ' ''
line 17:42 token recognition error at: 'p'
line 17:43 token recognition error at: 'a'
line 17:44 token recognition error at: 's'
line 17:45 token recognition error at: 's'
line 17:46 token recognition error at: 'w'
line 17:47 token recognition error at: 'o'
line 17:48 token recognition error at: 'r'
line 17:49 token recognition error at: 'd'
line 17:50 token recognition error at: '''
line 17:51 token recognition error at: ':'
line 17:52 token recognition error at: ' ''
line 17:54 token recognition error at: 'c'
line 17:55 token recognition error at: 'o'
line 17:56 token recognition error at: 'r'
line 17:57 token recognition error at: 'r'
line 17:58 token recognition error at: 'e'
line 17:59 token recognition error at: 'c'
line 17:60 token recognition error at: 't'
line 17:61 token recognition error at: '_'
line 17:62 token recognition error at: 'p'
line 17:63 token recognition error at: 'a'
line 17:64 token recognition error at: 's'
line 17:65 token recognition error at: 's'
line 17:66 token recognition error at: 'w'
line 17:67 token recognition error at: 'o'
line 17:68 token recognition error at: 'r'
line 17:69 token recognition error at: 'd'
line 17:70 token recognition error at: '''
line 17:71 token recognition error at: '}'
line 17:72 token recognition error at: '"'
line 17:73 token recognition error at: '\n    }'
line 18:5 token recognition error at: ','
line 18:6 token recognition error at: '\n    {'
line 19:5 token recognition error at: '\n      "'
line 20:7 token recognition error at: 'W'
line 20:8 token recognition error at: 'h'
line 20:9 token recognition error at: 'e'
line 20:10 token recognition error at: 'n'
line 20:11 token recognition error at: ' m'
line 20:13 token recognition error at: 'e'
line 20:14 token recognition error at: 't'
line 20:15 token recognition error at: 'h'
line 20:16 token recognition error at: 'o'
line 20:17 token recognition error at: 'd'
line 20:18 token recognition error at: ' p'
line 20:20 token recognition error at: 'o'
line 20:21 token recognition error at: 's'
line 20:22 token recognition error at: 't'
line 20:23 token recognition error at: ' w'
line 20:25 token recognition error at: 'i'
line 20:26 token recognition error at: 't'
line 20:27 token recognition error at: 'h'
line 20:28 token recognition error at: ' h'
line 20:30 token recognition error at: 'e'
line 20:31 token recognition error at: 'a'
line 20:32 token recognition error at: 'd'
line 20:33 token recognition error at: 'e'
line 20:34 token recognition error at: 'r'
line 20:35 token recognition error at: 's'
line 20:36 token recognition error at: ' c'
line 20:38 token recognition error at: 'o'
line 20:39 token recognition error at: 'n'
line 20:40 token recognition error at: 't'
line 20:41 token recognition error at: 'a'
line 20:42 token recognition error at: 'i'
line 20:43 token recognition error at: 'n'
line 20:44 token recognition error at: 'i'
line 20:45 token recognition error at: 'n'
line 20:46 token recognition error at: 'g'
line 20:47 token recognition error at: ' {'
line 20:49 token recognition error at: '''
line 20:50 token recognition error at: 'A'
line 20:51 token recognition error at: 'u'
line 20:52 token recognition error at: 't'
line 20:53 token recognition error at: 'h'
line 20:54 token recognition error at: 'o'
line 20:55 token recognition error at: 'r'
line 20:56 token recognition error at: 'i'
line 20:57 token recognition error at: 'z'
line 20:58 token recognition error at: 'a'
line 20:59 token recognition error at: 't'
line 20:60 token recognition error at: 'i'
line 20:61 token recognition error at: 'o'
line 20:62 token recognition error at: 'n'
line 20:63 token recognition error at: '''
line 20:64 token recognition error at: ':'
line 20:65 token recognition error at: ' ''
line 20:67 token recognition error at: 'B'
line 20:68 token recognition error at: 'e'
line 20:69 token recognition error at: 'a'
line 20:70 token recognition error at: 'r'
line 20:71 token recognition error at: 'e'
line 20:72 token recognition error at: 'r'
line 20:73 token recognition error at: ' f'
line 20:75 token recognition error at: 'a'
line 20:76 token recognition error at: 'k'
line 20:77 token recognition error at: 'e'
line 20:78 token recognition error at: '-'
line 20:79 token recognition error at: 't'
line 20:80 token recognition error at: 'o'
line 20:81 token recognition error at: 'k'
line 20:82 token recognition error at: 'e'
line 20:83 token recognition error at: 'n'
line 20:84 token recognition error at: '''
line 20:85 token recognition error at: '}'
line 20:86 token recognition error at: '"'
line 20:87 token recognition error at: '\n    }'
line 21:5 token recognition error at: ','
line 21:6 token recognition error at: '\n    {'
line 22:5 token recognition error at: '\n      "'
line 23:7 token recognition error at: 'T'
line 23:8 token recognition error at: 'h'
line 23:9 token recognition error at: 'e'
line 23:10 token recognition error at: 'n'
line 23:11 token recognition error at: ' s'
line 23:13 token recognition error at: 't'
line 23:14 token recognition error at: 'a'
line 23:15 token recognition error at: 't'
line 23:16 token recognition error at: 'u'
line 23:17 token recognition error at: 's'
line 23:18 token recognition error at: ' 4'
line 23:20 token recognition error at: '0'
line 23:21 token recognition error at: '1'
line 23:22 token recognition error at: ' o'
line 23:24 token recognition error at: 'r'
line 23:25 token recognition error at: ' 4'
line 23:27 token recognition error at: '0'
line 23:28 token recognition error at: '3'
line 23:29 token recognition error at: ' a'
line 23:31 token recognition error at: 'n'
line 23:32 token recognition error at: 'd'
line 23:33 token recognition error at: ' m'
line 23:35 token recognition error at: 'e'
line 23:36 token recognition error at: 's'
line 23:37 token recognition error at: 's'
line 23:38 token recognition error at: 'a'
line 23:39 token recognition error at: 'g'
line 23:40 token recognition error at: 'e'
line 23:41 token recognition error at: ' i'
line 23:43 token recognition error at: 'n'
line 23:44 token recognition error at: 'd'
line 23:45 token recognition error at: 'i'
line 23:46 token recognition error at: 'c'
line 23:47 token recognition error at: 'a'
line 23:48 token recognition error at: 't'
line 23:49 token recognition error at: 'i'
line 23:50 token recognition error at: 'n'
line 23:51 token recognition error at: 'g'
line 23:52 token recognition error at: ' f'
line 23:54 token recognition error at: 'a'
line 23:55 token recognition error at: 'i'
line 23:56 token recognition error at: 'l'
line 23:57 token recognition error at: 'e'
line 23:58 token recognition error at: 'd'
line 23:59 token recognition error at: ' a'
line 23:61 token recognition error at: 'u'
line 23:62 token recognition error at: 't'
line 23:63 token recognition error at: 'h'
line 23:64 token recognition error at: 'e'
line 23:65 token recognition error at: 'n'
line 23:66 token recognition error at: 't'
line 23:67 token recognition error at: 'i'
line 23:68 token recognition error at: 'c'
line 23:69 token recognition error at: 'a'
line 23:70 token recognition error at: 't'
line 23:71 token recognition error at: 'i'
line 23:72 token recognition error at: 'o'
line 23:73 token recognition error at: 'n'
line 23:74 token recognition error at: ' d'
line 23:76 token recognition error at: 'u'
line 23:77 token recognition error at: 'e'
line 23:78 token recognition error at: ' t'
line 23:80 token recognition error at: 'o'
line 23:81 token recognition error at: ' i'
line 23:83 token recognition error at: 'n'
line 23:84 token recognition error at: 'v'
line 23:85 token recognition error at: 'a'
line 23:86 token recognition error at: 'l'
line 23:87 token recognition error at: 'i'
line 23:88 token recognition error at: 'd'
line 23:89 token recognition error at: ' t'
line 23:91 token recognition error at: 'o'
line 23:92 token recognition error at: 'k'
line 23:93 token recognition error at: 'e'
line 23:94 token recognition error at: 'n'
line 23:95 token recognition error at: ','
line 23:96 token recognition error at: ' e'
line 23:98 token recognition error at: 'x'
line 23:99 token recognition error at: 'p'
line 23:100 token recognition error at: 'i'
line 23:101 token recognition error at: 'r'
line 23:102 token recognition error at: 'e'
line 23:103 token recognition error at: 'd'
line 23:104 token recognition error at: ' t'
line 23:106 token recognition error at: 'o'
line 23:107 token recognition error at: 'k'
line 23:108 token recognition error at: 'e'
line 23:109 token recognition error at: 'n'
line 23:110 token recognition error at: ','
line 23:111 token recognition error at: ' e'
line 23:113 token recognition error at: 't'
line 23:114 token recognition error at: 'c'
line 23:115 token recognition error at: '.'
line 23:116 token recognition error at: '"'
line 23:117 token recognition error at: '\n    }'
line 24:5 token recognition error at: '\n  ]'
line 25:3 token recognition error at: '\n}'
line 26:1 mismatched input '<EOF>' expecting {FEATURE_TAGS, FEATURE}
