[INFO] Scanning for projects...
[INFO] 
[INFO] -----------< com.bolatestingframework:bolatestingframework >------------
[INFO] Building bolatestingframework 1.0.0-SNAPSHOT
[INFO] --------------------------------[ jar ]---------------------------------
[INFO] 
[INFO] --- maven-resources-plugin:2.6:resources (default-resources) @ bolatestingframework ---
[INFO] Using 'UTF-8' encoding to copy filtered resources.
[INFO] skip non existing resourceDirectory /app/src/main/resources
[INFO] 
[INFO] --- maven-compiler-plugin:3.11.0:compile (default-compile) @ bolatestingframework ---
[INFO] No sources to compile
[INFO] 
[INFO] --- maven-resources-plugin:2.6:testResources (default-testResources) @ bolatestingframework ---
[INFO] Using 'UTF-8' encoding to copy filtered resources.
[INFO] Copying 3 resources
[INFO] 
[INFO] --- maven-compiler-plugin:3.11.0:testCompile (default-testCompile) @ bolatestingframework ---
[INFO] Nothing to compile - all classes are up to date
[INFO] 
[INFO] --- maven-surefire-plugin:3.0.0:test (default-test) @ bolatestingframework ---
[INFO] Using auto detected provider org.apache.maven.surefire.junitplatform.JUnitPlatformProvider
[INFO] 
[INFO] -------------------------------------------------------
[INFO]  T E S T S
[INFO] -------------------------------------------------------
[INFO] Running karate.KarateTestRunner
19:33:10.665 [main] ERROR com.intuit.karate.core.FeatureParser -- not a valid feature file: ID_001_krtestvam_users_v1_register_POST_verified.feature - mismatched input '<EOF>' expecting {FEATURE_TAGS, FEATURE}
[ERROR] Tests run: 1, Failures: 0, Errors: 1, Skipped: 0, Time elapsed: 2.495 s <<< FAILURE! - in karate.KarateTestRunner
[ERROR] karate.KarateTestRunner.testFeatureFile  Time elapsed: 2.476 s  <<< ERROR!
java.lang.RuntimeException: mismatched input '<EOF>' expecting {FEATURE_TAGS, FEATURE}
	at com.intuit.karate.core.FeatureParser.parse(FeatureParser.java:74)
	at com.intuit.karate.core.Feature.read(Feature.java:63)
	at com.intuit.karate.resource.ResourceUtils.findFeatureFiles(ResourceUtils.java:95)
	at com.intuit.karate.Runner$Builder.resolveAll(Runner.java:248)
	at com.intuit.karate.Suite.<init>(Suite.java:177)
	at com.intuit.karate.Runner$Builder.parallel(Runner.java:483)
	at karate.KarateTestRunner.testFeatureFile(KarateTestRunner.java:17)
	at java.base/jdk.internal.reflect.NativeMethodAccessorImpl.invoke0(Native Method)
	at java.base/jdk.internal.reflect.NativeMethodAccessorImpl.invoke(NativeMethodAccessorImpl.java:77)
	at java.base/jdk.internal.reflect.DelegatingMethodAccessorImpl.invoke(DelegatingMethodAccessorImpl.java:43)
	at java.base/java.lang.reflect.Method.invoke(Method.java:568)
	at org.junit.platform.commons.util.ReflectionUtils.invokeMethod(ReflectionUtils.java:727)
	at org.junit.jupiter.engine.execution.MethodInvocation.proceed(MethodInvocation.java:60)
	at org.junit.jupiter.engine.execution.InvocationInterceptorChain$ValidatingInvocation.proceed(InvocationInterceptorChain.java:131)
	at org.junit.jupiter.engine.extension.TimeoutExtension.intercept(TimeoutExtension.java:156)
	at org.junit.jupiter.engine.extension.TimeoutExtension.interceptTestableMethod(TimeoutExtension.java:147)
	at org.junit.jupiter.engine.extension.TimeoutExtension.interceptTestMethod(TimeoutExtension.java:86)
	at org.junit.jupiter.engine.execution.InterceptingExecutableInvoker$ReflectiveInterceptorCall.lambda$ofVoidMethod$0(InterceptingExecutableInvoker.java:103)
	at org.junit.jupiter.engine.execution.InterceptingExecutableInvoker.lambda$invoke$0(InterceptingExecutableInvoker.java:93)
	at org.junit.jupiter.engine.execution.InvocationInterceptorChain$InterceptedInvocation.proceed(InvocationInterceptorChain.java:106)
	at org.junit.jupiter.engine.execution.InvocationInterceptorChain.proceed(InvocationInterceptorChain.java:64)
	at org.junit.jupiter.engine.execution.InvocationInterceptorChain.chainAndInvoke(InvocationInterceptorChain.java:45)
	at org.junit.jupiter.engine.execution.InvocationInterceptorChain.invoke(InvocationInterceptorChain.java:37)
	at org.junit.jupiter.engine.execution.InterceptingExecutableInvoker.invoke(InterceptingExecutableInvoker.java:92)
	at org.junit.jupiter.engine.execution.InterceptingExecutableInvoker.invoke(InterceptingExecutableInvoker.java:86)
	at org.junit.jupiter.engine.descriptor.TestMethodTestDescriptor.lambda$invokeTestMethod$7(TestMethodTestDescriptor.java:217)
	at org.junit.platform.engine.support.hierarchical.ThrowableCollector.execute(ThrowableCollector.java:73)
	at org.junit.jupiter.engine.descriptor.TestMethodTestDescriptor.invokeTestMethod(TestMethodTestDescriptor.java:213)
	at org.junit.jupiter.engine.descriptor.TestMethodTestDescriptor.execute(TestMethodTestDescriptor.java:138)
	at org.junit.jupiter.engine.descriptor.TestMethodTestDescriptor.execute(TestMethodTestDescriptor.java:68)
	at org.junit.platform.engine.support.hierarchical.NodeTestTask.lambda$executeRecursively$6(NodeTestTask.java:151)
	at org.junit.platform.engine.support.hierarchical.ThrowableCollector.execute(ThrowableCollector.java:73)
	at org.junit.platform.engine.support.hierarchical.NodeTestTask.lambda$executeRecursively$8(NodeTestTask.java:141)
	at org.junit.platform.engine.support.hierarchical.Node.around(Node.java:137)
	at org.junit.platform.engine.support.hierarchical.NodeTestTask.lambda$executeRecursively$9(NodeTestTask.java:139)
	at org.junit.platform.engine.support.hierarchical.ThrowableCollector.execute(ThrowableCollector.java:73)
	at org.junit.platform.engine.support.hierarchical.NodeTestTask.executeRecursively(NodeTestTask.java:138)
	at org.junit.platform.engine.support.hierarchical.NodeTestTask.execute(NodeTestTask.java:95)
	at java.base/java.util.ArrayList.forEach(ArrayList.java:1511)
	at org.junit.platform.engine.support.hierarchical.SameThreadHierarchicalTestExecutorService.invokeAll(SameThreadHierarchicalTestExecutorService.java:41)
	at org.junit.platform.engine.support.hierarchical.NodeTestTask.lambda$executeRecursively$6(NodeTestTask.java:155)
	at org.junit.platform.engine.support.hierarchical.ThrowableCollector.execute(ThrowableCollector.java:73)
	at org.junit.platform.engine.support.hierarchical.NodeTestTask.lambda$executeRecursively$8(NodeTestTask.java:141)
	at org.junit.platform.engine.support.hierarchical.Node.around(Node.java:137)
	at org.junit.platform.engine.support.hierarchical.NodeTestTask.lambda$executeRecursively$9(NodeTestTask.java:139)
	at org.junit.platform.engine.support.hierarchical.ThrowableCollector.execute(ThrowableCollector.java:73)
	at org.junit.platform.engine.support.hierarchical.NodeTestTask.executeRecursively(NodeTestTask.java:138)
	at org.junit.platform.engine.support.hierarchical.NodeTestTask.execute(NodeTestTask.java:95)
	at java.base/java.util.ArrayList.forEach(ArrayList.java:1511)
	at org.junit.platform.engine.support.hierarchical.SameThreadHierarchicalTestExecutorService.invokeAll(SameThreadHierarchicalTestExecutorService.java:41)
	at org.junit.platform.engine.support.hierarchical.NodeTestTask.lambda$executeRecursively$6(NodeTestTask.java:155)
	at org.junit.platform.engine.support.hierarchical.ThrowableCollector.execute(ThrowableCollector.java:73)
	at org.junit.platform.engine.support.hierarchical.NodeTestTask.lambda$executeRecursively$8(NodeTestTask.java:141)
	at org.junit.platform.engine.support.hierarchical.Node.around(Node.java:137)
	at org.junit.platform.engine.support.hierarchical.NodeTestTask.lambda$executeRecursively$9(NodeTestTask.java:139)
	at org.junit.platform.engine.support.hierarchical.ThrowableCollector.execute(ThrowableCollector.java:73)
	at org.junit.platform.engine.support.hierarchical.NodeTestTask.executeRecursively(NodeTestTask.java:138)
	at org.junit.platform.engine.support.hierarchical.NodeTestTask.execute(NodeTestTask.java:95)
	at org.junit.platform.engine.support.hierarchical.SameThreadHierarchicalTestExecutorService.submit(SameThreadHierarchicalTestExecutorService.java:35)
	at org.junit.platform.engine.support.hierarchical.HierarchicalTestExecutor.execute(HierarchicalTestExecutor.java:57)
	at org.junit.platform.engine.support.hierarchical.HierarchicalTestEngine.execute(HierarchicalTestEngine.java:54)
	at org.junit.platform.launcher.core.EngineExecutionOrchestrator.execute(EngineExecutionOrchestrator.java:147)
	at org.junit.platform.launcher.core.EngineExecutionOrchestrator.execute(EngineExecutionOrchestrator.java:127)
	at org.junit.platform.launcher.core.EngineExecutionOrchestrator.execute(EngineExecutionOrchestrator.java:90)
	at org.junit.platform.launcher.core.EngineExecutionOrchestrator.lambda$execute$0(EngineExecutionOrchestrator.java:55)
	at org.junit.platform.launcher.core.EngineExecutionOrchestrator.withInterceptedStreams(EngineExecutionOrchestrator.java:102)
	at org.junit.platform.launcher.core.EngineExecutionOrchestrator.execute(EngineExecutionOrchestrator.java:54)
	at org.junit.platform.launcher.core.DefaultLauncher.execute(DefaultLauncher.java:114)
	at org.junit.platform.launcher.core.DefaultLauncher.execute(DefaultLauncher.java:86)
	at org.junit.platform.launcher.core.DefaultLauncherSession$DelegatingLauncher.execute(DefaultLauncherSession.java:86)
	at org.apache.maven.surefire.junitplatform.LazyLauncher.execute(LazyLauncher.java:50)
	at org.apache.maven.surefire.junitplatform.JUnitPlatformProvider.execute(JUnitPlatformProvider.java:184)
	at org.apache.maven.surefire.junitplatform.JUnitPlatformProvider.invokeAllTests(JUnitPlatformProvider.java:148)
	at org.apache.maven.surefire.junitplatform.JUnitPlatformProvider.invoke(JUnitPlatformProvider.java:122)
	at org.apache.maven.surefire.booter.ForkedBooter.runSuitesInProcess(ForkedBooter.java:385)
	at org.apache.maven.surefire.booter.ForkedBooter.execute(ForkedBooter.java:162)
	at org.apache.maven.surefire.booter.ForkedBooter.run(ForkedBooter.java:507)
	at org.apache.maven.surefire.booter.ForkedBooter.main(ForkedBooter.java:495)

[INFO] 
[INFO] Results:
[INFO] 
[ERROR] Errors: 
[ERROR]   KarateTestRunner.testFeatureFile:17 Â» Runtime mismatched input '<EOF>' expecting {FEATURE_TAGS, FEATURE}
[INFO] 
[ERROR] Tests run: 1, Failures: 0, Errors: 1, Skipped: 0
[INFO] 
[INFO] ------------------------------------------------------------------------
[INFO] BUILD FAILURE
[INFO] ------------------------------------------------------------------------
[INFO] Total time:  9.800 s
[INFO] Finished at: 2024-11-09T19:33:10Z
[INFO] ------------------------------------------------------------------------
[ERROR] Failed to execute goal org.apache.maven.plugins:maven-surefire-plugin:3.0.0:test (default-test) on project bolatestingframework: 
[ERROR] 
[ERROR] Please refer to /app/target/surefire-reports for the individual test results.
[ERROR] Please refer to dump files (if any exist) [date].dump, [date]-jvmRun[N].dump and [date].dumpstream.
[ERROR] -> [Help 1]
[ERROR] 
[ERROR] To see the full stack trace of the errors, re-run Maven with the -e switch.
[ERROR] Re-run Maven using the -X switch to enable full debug logging.
[ERROR] 
[ERROR] For more information about the errors and possible solutions, please read the following articles:
[ERROR] [Help 1] http://cwiki.apache.org/confluence/display/MAVEN/MojoFailureException
line 1:0 token recognition error at: '`'
line 1:1 token recognition error at: '`'
line 1:2 token recognition error at: '`'
line 1:3 token recognition error at: 'y'
line 1:4 token recognition error at: 'a'
line 1:5 token recognition error at: 'm'
line 1:6 token recognition error at: 'l'
line 1:7 token recognition error at: '\nf'
line 2:1 token recognition error at: 'e'
line 2:2 token recognition error at: 'a'
line 2:3 token recognition error at: 't'
line 2:4 token recognition error at: 'u'
line 2:5 token recognition error at: 'r'
line 2:6 token recognition error at: 'e'
line 2:7 token recognition error at: ':'
line 2:8 token recognition error at: ' T'
line 2:10 token recognition error at: 'e'
line 2:11 token recognition error at: 's'
line 2:12 token recognition error at: 't'
line 2:13 token recognition error at: ' f'
line 2:15 token recognition error at: 'o'
line 2:16 token recognition error at: 'r'
line 2:17 token recognition error at: ' B'
line 2:19 token recognition error at: 'r'
line 2:20 token recognition error at: 'o'
line 2:21 token recognition error at: 'k'
line 2:22 token recognition error at: 'e'
line 2:23 token recognition error at: 'n'
line 2:24 token recognition error at: ' A'
line 2:26 token recognition error at: 'u'
line 2:27 token recognition error at: 't'
line 2:28 token recognition error at: 'h'
line 2:29 token recognition error at: 'e'
line 2:30 token recognition error at: 'n'
line 2:31 token recognition error at: 't'
line 2:32 token recognition error at: 'i'
line 2:33 token recognition error at: 'c'
line 2:34 token recognition error at: 'a'
line 2:35 token recognition error at: 't'
line 2:36 token recognition error at: 'i'
line 2:37 token recognition error at: 'o'
line 2:38 token recognition error at: 'n'
line 2:39 token recognition error at: '/'
line 2:40 token recognition error at: 'A'
line 2:41 token recognition error at: 'u'
line 2:42 token recognition error at: 't'
line 2:43 token recognition error at: 'h'
line 2:44 token recognition error at: 'o'
line 2:45 token recognition error at: 'r'
line 2:46 token recognition error at: 'i'
line 2:47 token recognition error at: 'z'
line 2:48 token recognition error at: 'a'
line 2:49 token recognition error at: 't'
line 2:50 token recognition error at: 'i'
line 2:51 token recognition error at: 'o'
line 2:52 token recognition error at: 'n'
line 2:53 token recognition error at: ' o'
line 2:55 token recognition error at: 'n'
line 2:56 token recognition error at: ' U'
line 2:58 token recognition error at: 's'
line 2:59 token recognition error at: 'e'
line 2:60 token recognition error at: 'r'
line 2:61 token recognition error at: ' R'
line 2:63 token recognition error at: 'e'
line 2:64 token recognition error at: 'g'
line 2:65 token recognition error at: 'i'
line 2:66 token recognition error at: 's'
line 2:67 token recognition error at: 't'
line 2:68 token recognition error at: 'r'
line 2:69 token recognition error at: 'a'
line 2:70 token recognition error at: 't'
line 2:71 token recognition error at: 'i'
line 2:72 token recognition error at: 'o'
line 2:73 token recognition error at: 'n'
line 2:74 token recognition error at: '\ns'
line 3:1 token recognition error at: 'c'
line 3:2 token recognition error at: 'e'
line 3:3 token recognition error at: 'n'
line 3:4 token recognition error at: 'a'
line 3:5 token recognition error at: 'r'
line 3:6 token recognition error at: 'i'
line 3:7 token recognition error at: 'o'
line 3:8 token recognition error at: ':'
line 3:9 token recognition error at: ' A'
line 3:11 token recognition error at: 't'
line 3:12 token recognition error at: 't'
line 3:13 token recognition error at: 'e'
line 3:14 token recognition error at: 'm'
line 3:15 token recognition error at: 'p'
line 3:16 token recognition error at: 't'
line 3:17 token recognition error at: ' t'
line 3:19 token recognition error at: 'o'
line 3:20 token recognition error at: ' r'
line 3:22 token recognition error at: 'e'
line 3:23 token recognition error at: 'g'
line 3:24 token recognition error at: 'i'
line 3:25 token recognition error at: 's'
line 3:26 token recognition error at: 't'
line 3:27 token recognition error at: 'e'
line 3:28 token recognition error at: 'r'
line 3:29 token recognition error at: ' a'
line 3:31 token recognition error at: ' u'
line 3:33 token recognition error at: 's'
line 3:34 token recognition error at: 'e'
line 3:35 token recognition error at: 'r'
line 3:36 token recognition error at: ' w'
line 3:38 token recognition error at: 'i'
line 3:39 token recognition error at: 't'
line 3:40 token recognition error at: 'h'
line 3:41 token recognition error at: 'o'
line 3:42 token recognition error at: 'u'
line 3:43 token recognition error at: 't'
line 3:44 token recognition error at: ' p'
line 3:46 token recognition error at: 'r'
line 3:47 token recognition error at: 'o'
line 3:48 token recognition error at: 'p'
line 3:49 token recognition error at: 'e'
line 3:50 token recognition error at: 'r'
line 3:51 token recognition error at: ' a'
line 3:53 token recognition error at: 'u'
line 3:54 token recognition error at: 't'
line 3:55 token recognition error at: 'h'
line 3:56 token recognition error at: 'e'
line 3:57 token recognition error at: 'n'
line 3:58 token recognition error at: 't'
line 3:59 token recognition error at: 'i'
line 3:60 token recognition error at: 'c'
line 3:61 token recognition error at: 'a'
line 3:62 token recognition error at: 't'
line 3:63 token recognition error at: 'i'
line 3:64 token recognition error at: 'o'
line 3:65 token recognition error at: 'n'
line 3:66 token recognition error at: ' o'
line 3:68 token recognition error at: 'r'
line 3:69 token recognition error at: ' a'
line 3:71 token recognition error at: 'u'
line 3:72 token recognition error at: 't'
line 3:73 token recognition error at: 'h'
line 3:74 token recognition error at: 'o'
line 3:75 token recognition error at: 'r'
line 3:76 token recognition error at: 'i'
line 3:77 token recognition error at: 'z'
line 3:78 token recognition error at: 'a'
line 3:79 token recognition error at: 't'
line 3:80 token recognition error at: 'i'
line 3:81 token recognition error at: 'o'
line 3:82 token recognition error at: 'n'
line 3:83 token recognition error at: '\ng'
line 4:1 token recognition error at: 'i'
line 4:2 token recognition error at: 'v'
line 4:3 token recognition error at: 'e'
line 4:4 token recognition error at: 'n'
line 4:5 token recognition error at: ' u'
line 4:7 token recognition error at: 'r'
line 4:8 token recognition error at: 'l'
line 4:9 token recognition error at: ' ''
line 4:11 token recognition error at: 'h'
line 4:12 token recognition error at: 't'
line 4:13 token recognition error at: 't'
line 4:14 token recognition error at: 'p'
line 4:15 token recognition error at: ':'
line 4:16 token recognition error at: '/'
line 4:17 token recognition error at: '/'
line 4:18 token recognition error at: '1'
line 4:19 token recognition error at: '9'
line 4:20 token recognition error at: '2'
line 4:21 token recognition error at: '.'
line 4:22 token recognition error at: '1'
line 4:23 token recognition error at: '6'
line 4:24 token recognition error at: '8'
line 4:25 token recognition error at: '.'
line 4:26 token recognition error at: '1'
line 4:27 token recognition error at: '.'
line 4:28 token recognition error at: '1'
line 4:29 token recognition error at: '0'
line 4:30 token recognition error at: '6'
line 4:31 token recognition error at: ':'
line 4:32 token recognition error at: '5'
line 4:33 token recognition error at: '0'
line 4:34 token recognition error at: '8'
line 4:35 token recognition error at: '0'
line 4:36 token recognition error at: '/'
line 4:37 token recognition error at: 'u'
line 4:38 token recognition error at: 's'
line 4:39 token recognition error at: 'e'
line 4:40 token recognition error at: 'r'
line 4:41 token recognition error at: 's'
line 4:42 token recognition error at: '/'
line 4:43 token recognition error at: 'v'
line 4:44 token recognition error at: '1'
line 4:45 token recognition error at: '/'
line 4:46 token recognition error at: 'r'
line 4:47 token recognition error at: 'e'
line 4:48 token recognition error at: 'g'
line 4:49 token recognition error at: 'i'
line 4:50 token recognition error at: 's'
line 4:51 token recognition error at: 't'
line 4:52 token recognition error at: 'e'
line 4:53 token recognition error at: 'r'
line 4:54 token recognition error at: '''
line 4:55 token recognition error at: '\nw'
line 5:1 token recognition error at: 'h'
line 5:2 token recognition error at: 'e'
line 5:3 token recognition error at: 'n'
line 5:4 token recognition error at: ' m'
line 5:6 token recognition error at: 'e'
line 5:7 token recognition error at: 't'
line 5:8 token recognition error at: 'h'
line 5:9 token recognition error at: 'o'
line 5:10 token recognition error at: 'd'
line 5:11 token recognition error at: ' p'
line 5:13 token recognition error at: 'o'
line 5:14 token recognition error at: 's'
line 5:15 token recognition error at: 't'
line 5:16 token recognition error at: '\nt'
line 6:1 token recognition error at: 'h'
line 6:2 token recognition error at: 'e'
line 6:3 token recognition error at: 'n'
line 6:4 token recognition error at: ' s'
line 6:6 token recognition error at: 't'
line 6:7 token recognition error at: 'a'
line 6:8 token recognition error at: 't'
line 6:9 token recognition error at: 'u'
line 6:10 token recognition error at: 's'
line 6:11 token recognition error at: ' 4'
line 6:13 token recognition error at: '0'
line 6:14 token recognition error at: '3'
line 6:15 token recognition error at: '\na'
line 7:1 token recognition error at: 'n'
line 7:2 token recognition error at: 'd'
line 7:3 token recognition error at: ' r'
line 7:5 token recognition error at: 'e'
line 7:6 token recognition error at: 's'
line 7:7 token recognition error at: 'p'
line 7:8 token recognition error at: 'o'
line 7:9 token recognition error at: 'n'
line 7:10 token recognition error at: 's'
line 7:11 token recognition error at: 'e'
line 7:12 token recognition error at: ' c'
line 7:14 token recognition error at: 'o'
line 7:15 token recognition error at: 'n'
line 7:16 token recognition error at: 't'
line 7:17 token recognition error at: 'a'
line 7:18 token recognition error at: 'i'
line 7:19 token recognition error at: 'n'
line 7:20 token recognition error at: 's'
line 7:21 token recognition error at: ' ''
line 7:23 token recognition error at: '/'
line 7:24 token recognition error at: 'U'
line 7:25 token recognition error at: 'n'
line 7:26 token recognition error at: 'a'
line 7:27 token recognition error at: 'u'
line 7:28 token recognition error at: 't'
line 7:29 token recognition error at: 'h'
line 7:30 token recognition error at: 'o'
line 7:31 token recognition error at: 'r'
line 7:32 token recognition error at: 'i'
line 7:33 token recognition error at: 'z'
line 7:34 token recognition error at: 'e'
line 7:35 token recognition error at: 'd'
line 7:36 token recognition error at: '/'
line 7:37 token recognition error at: '''
line 7:38 token recognition error at: '\n*'
line 8:1 token recognition error at: ' d'
line 8:3 token recognition error at: 'e'
line 8:4 token recognition error at: 'f'
line 8:5 token recognition error at: ' u'
line 8:7 token recognition error at: 'n'
line 8:8 token recognition error at: 'a'
line 8:9 token recognition error at: 'u'
line 8:10 token recognition error at: 't'
line 8:11 token recognition error at: 'h'
line 8:12 token recognition error at: 'e'
line 8:13 token recognition error at: 'n'
line 8:14 token recognition error at: 't'
line 8:15 token recognition error at: 'i'
line 8:16 token recognition error at: 'c'
line 8:17 token recognition error at: 'a'
line 8:18 token recognition error at: 't'
line 8:19 token recognition error at: 'e'
line 8:20 token recognition error at: 'd'
line 8:21 token recognition error at: 'R'
line 8:22 token recognition error at: 'e'
line 8:23 token recognition error at: 'g'
line 8:24 token recognition error at: 'i'
line 8:25 token recognition error at: 's'
line 8:26 token recognition error at: 't'
line 8:27 token recognition error at: 'e'
line 8:28 token recognition error at: 'r'
line 8:29 token recognition error at: ' ='
line 8:31 token recognition error at: ' c'
line 8:33 token recognition error at: 'a'
line 8:34 token recognition error at: 'l'
line 8:35 token recognition error at: 'l'
line 8:36 token recognition error at: 'o'
line 8:37 token recognition error at: 'n'
line 8:38 token recognition error at: 'c'
line 8:39 token recognition error at: 'e'
line 8:40 token recognition error at: ' r'
line 8:42 token recognition error at: 'e'
line 8:43 token recognition error at: 'a'
line 8:44 token recognition error at: 'd'
line 8:45 token recognition error at: '('
line 8:46 token recognition error at: '''
line 8:47 token recognition error at: 'c'
line 8:48 token recognition error at: 'l'
line 8:49 token recognition error at: 'a'
line 8:50 token recognition error at: 's'
line 8:51 token recognition error at: 's'
line 8:52 token recognition error at: 'p'
line 8:53 token recognition error at: 'a'
line 8:54 token recognition error at: 't'
line 8:55 token recognition error at: 'h'
line 8:56 token recognition error at: ':'
line 8:57 token recognition error at: 'h'
line 8:58 token recognition error at: 'e'
line 8:59 token recognition error at: 'l'
line 8:60 token recognition error at: 'p'
line 8:61 token recognition error at: 'e'
line 8:62 token recognition error at: 'r'
line 8:63 token recognition error at: 's'
line 8:64 token recognition error at: '/'
line 8:65 token recognition error at: 'u'
line 8:66 token recognition error at: 'n'
line 8:67 token recognition error at: 'a'
line 8:68 token recognition error at: 'u'
line 8:69 token recognition error at: 't'
line 8:70 token recognition error at: 'h'
line 8:71 token recognition error at: 'e'
line 8:72 token recognition error at: 'n'
line 8:73 token recognition error at: 't'
line 8:74 token recognition error at: 'i'
line 8:75 token recognition error at: 'c'
line 8:76 token recognition error at: 'a'
line 8:77 token recognition error at: 't'
line 8:78 token recognition error at: 'e'
line 8:79 token recognition error at: 'd'
line 8:80 token recognition error at: 'R'
line 8:81 token recognition error at: 'e'
line 8:82 token recognition error at: 'g'
line 8:83 token recognition error at: 'i'
line 8:84 token recognition error at: 's'
line 8:85 token recognition error at: 't'
line 8:86 token recognition error at: 'e'
line 8:87 token recognition error at: 'r'
line 8:88 token recognition error at: 'A'
line 8:89 token recognition error at: 'c'
line 8:90 token recognition error at: 'c'
line 8:91 token recognition error at: 'e'
line 8:92 token recognition error at: 's'
line 8:93 token recognition error at: 's'
line 8:94 token recognition error at: '''
line 8:95 token recognition error at: ')'
line 8:96 token recognition error at: '\ns'
line 9:1 token recognition error at: 'w'
line 9:2 token recognition error at: 'i'
line 9:3 token recognition error at: 't'
line 9:4 token recognition error at: 'c'
line 9:5 token recognition error at: 'h'
line 9:6 token recognition error at: ' u'
line 9:8 token recognition error at: 'n'
line 9:9 token recognition error at: 'a'
line 9:10 token recognition error at: 'u'
line 9:11 token recognition error at: 't'
line 9:12 token recognition error at: 'h'
line 9:13 token recognition error at: 'e'
line 9:14 token recognition error at: 'n'
line 9:15 token recognition error at: 't'
line 9:16 token recognition error at: 'i'
line 9:17 token recognition error at: 'c'
line 9:18 token recognition error at: 'a'
line 9:19 token recognition error at: 't'
line 9:20 token recognition error at: 'e'
line 9:21 token recognition error at: 'd'
line 9:22 token recognition error at: 'R'
line 9:23 token recognition error at: 'e'
line 9:24 token recognition error at: 'g'
line 9:25 token recognition error at: 'i'
line 9:26 token recognition error at: 's'
line 9:27 token recognition error at: 't'
line 9:28 token recognition error at: 'e'
line 9:29 token recognition error at: 'r'
line 9:30 token recognition error at: '.'
line 9:31 token recognition error at: 's'
line 9:32 token recognition error at: 't'
line 9:33 token recognition error at: 'a'
line 9:34 token recognition error at: 't'
line 9:35 token recognition error at: 'u'
line 9:36 token recognition error at: 's'
line 9:37 token recognition error at: '\nc'
line 10:1 token recognition error at: 'a'
line 10:2 token recognition error at: 's'
line 10:3 token recognition error at: 'e'
line 10:4 token recognition error at: ' i'
line 10:6 token recognition error at: 's'
line 10:7 token recognition error at: '('
line 10:8 token recognition error at: '4'
line 10:9 token recognition error at: '0'
line 10:10 token recognition error at: '1'
line 10:11 token recognition error at: ')'
line 10:12 token recognition error at: ':'
line 10:13 token recognition error at: ' t'
line 10:15 token recognition error at: 'h'
line 10:16 token recognition error at: 'e'
line 10:17 token recognition error at: 'n'
line 10:18 token recognition error at: ' f'
line 10:20 token recognition error at: 'a'
line 10:21 token recognition error at: 'i'
line 10:22 token recognition error at: 'l'
line 10:23 token recognition error at: '('
line 10:24 token recognition error at: '"'
line 10:25 token recognition error at: 'E'
line 10:26 token recognition error at: 'x'
line 10:27 token recognition error at: 'p'
line 10:28 token recognition error at: 'e'
line 10:29 token recognition error at: 'c'
line 10:30 token recognition error at: 't'
line 10:31 token recognition error at: 'e'
line 10:32 token recognition error at: 'd'
line 10:33 token recognition error at: ' a'
line 10:35 token recognition error at: ' f'
line 10:37 token recognition error at: 'o'
line 10:38 token recognition error at: 'r'
line 10:39 token recognition error at: 'b'
line 10:40 token recognition error at: 'i'
line 10:41 token recognition error at: 'd'
line 10:42 token recognition error at: 'd'
line 10:43 token recognition error at: 'e'
line 10:44 token recognition error at: 'n'
line 10:45 token recognition error at: ' s'
line 10:47 token recognition error at: 't'
line 10:48 token recognition error at: 'a'
line 10:49 token recognition error at: 't'
line 10:50 token recognition error at: 'u'
line 10:51 token recognition error at: 's'
line 10:52 token recognition error at: ' c'
line 10:54 token recognition error at: 'o'
line 10:55 token recognition error at: 'd'
line 10:56 token recognition error at: 'e'
line 10:57 token recognition error at: ','
line 10:58 token recognition error at: ' b'
line 10:60 token recognition error at: 'u'
line 10:61 token recognition error at: 't'
line 10:62 token recognition error at: ' g'
line 10:64 token recognition error at: 'o'
line 10:65 token recognition error at: 't'
line 10:66 token recognition error at: ' 2'
line 10:68 token recognition error at: '0'
line 10:69 token recognition error at: '0'
line 10:70 token recognition error at: '"'
line 10:71 token recognition error at: ')'
line 10:72 token recognition error at: '\nc'
line 11:1 token recognition error at: 'a'
line 11:2 token recognition error at: 's'
line 11:3 token recognition error at: 'e'
line 11:4 token recognition error at: ' i'
line 11:6 token recognition error at: 's'
line 11:7 token recognition error at: '('
line 11:8 token recognition error at: '4'
line 11:9 token recognition error at: '0'
line 11:10 token recognition error at: '3'
line 11:11 token recognition error at: ')'
line 11:12 token recognition error at: ':'
line 11:13 token recognition error at: ' e'
line 11:15 token recognition error at: 'x'
line 11:16 token recognition error at: 'p'
line 11:17 token recognition error at: 'e'
line 11:18 token recognition error at: 'c'
line 11:19 token recognition error at: 't'
line 11:20 token recognition error at: '('
line 11:21 token recognition error at: 'r'
line 11:22 token recognition error at: 'e'
line 11:23 token recognition error at: 's'
line 11:24 token recognition error at: 'p'
line 11:25 token recognition error at: 'o'
line 11:26 token recognition error at: 'n'
line 11:27 token recognition error at: 's'
line 11:28 token recognition error at: 'e'
line 11:29 token recognition error at: ')'
line 11:30 token recognition error at: '.'
line 11:31 token recognition error at: 't'
line 11:32 token recognition error at: 'o'
line 11:33 token recognition error at: ' h'
line 11:35 token recognition error at: 'a'
line 11:36 token recognition error at: 'v'
line 11:37 token recognition error at: 'e'
line 11:38 token recognition error at: '_'
line 11:39 token recognition error at: 'c'
line 11:40 token recognition error at: 'o'
line 11:41 token recognition error at: 'n'
line 11:42 token recognition error at: 't'
line 11:43 token recognition error at: 'e'
line 11:44 token recognition error at: 'n'
line 11:45 token recognition error at: 't'
line 11:46 token recognition error at: '('
line 11:47 token recognition error at: '''
line 11:48 token recognition error at: '/'
line 11:49 token recognition error at: 'U'
line 11:50 token recognition error at: 'n'
line 11:51 token recognition error at: 'a'
line 11:52 token recognition error at: 'u'
line 11:53 token recognition error at: 't'
line 11:54 token recognition error at: 'h'
line 11:55 token recognition error at: 'o'
line 11:56 token recognition error at: 'r'
line 11:57 token recognition error at: 'i'
line 11:58 token recognition error at: 'z'
line 11:59 token recognition error at: 'e'
line 11:60 token recognition error at: 'd'
line 11:61 token recognition error at: '/'
line 11:62 token recognition error at: '''
line 11:63 token recognition error at: ')'
line 11:64 token recognition error at: '\n`'
line 12:1 token recognition error at: '`'
line 12:2 token recognition error at: '`'
line 12:3 mismatched input '<EOF>' expecting {FEATURE_TAGS, FEATURE}
