[INFO] Scanning for projects...
[INFO] 
[INFO] -----------< com.bolatestingframework:bolatestingframework >------------
[INFO] Building bolatestingframework 1.0.0-SNAPSHOT
[INFO] --------------------------------[ jar ]---------------------------------
[INFO] 
[INFO] --- maven-resources-plugin:2.6:resources (default-resources) @ bolatestingframework ---
[INFO] Using 'UTF-8' encoding to copy filtered resources.
[INFO] skip non existing resourceDirectory /app/src/main/resources
[INFO] 
[INFO] --- maven-compiler-plugin:3.11.0:compile (default-compile) @ bolatestingframework ---
[INFO] No sources to compile
[INFO] 
[INFO] --- maven-resources-plugin:2.6:testResources (default-testResources) @ bolatestingframework ---
[INFO] Using 'UTF-8' encoding to copy filtered resources.
[INFO] Copying 3 resources
[INFO] 
[INFO] --- maven-compiler-plugin:3.11.0:testCompile (default-testCompile) @ bolatestingframework ---
[INFO] Nothing to compile - all classes are up to date
[INFO] 
[INFO] --- maven-surefire-plugin:3.0.0:test (default-test) @ bolatestingframework ---
[INFO] Using auto detected provider org.apache.maven.surefire.junitplatform.JUnitPlatformProvider
[INFO] 
[INFO] -------------------------------------------------------
[INFO]  T E S T S
[INFO] -------------------------------------------------------
[INFO] Running karate.KarateTestRunner
08:14:41.256 [main] ERROR com.intuit.karate.core.FeatureParser -- not a valid feature file: ID_001_krtestcra_identity_api_auth_signup_POST_verified.feature - mismatched input '<EOF>' expecting {FEATURE_TAGS, FEATURE}
[ERROR] Tests run: 1, Failures: 0, Errors: 1, Skipped: 0, Time elapsed: 0.673 s <<< FAILURE! - in karate.KarateTestRunner
[ERROR] karate.KarateTestRunner.testFeatureFile  Time elapsed: 0.656 s  <<< ERROR!
java.lang.RuntimeException: mismatched input '<EOF>' expecting {FEATURE_TAGS, FEATURE}
	at com.intuit.karate.core.FeatureParser.parse(FeatureParser.java:74)
	at com.intuit.karate.core.Feature.read(Feature.java:63)
	at com.intuit.karate.resource.ResourceUtils.findFeatureFiles(ResourceUtils.java:95)
	at com.intuit.karate.Runner$Builder.resolveAll(Runner.java:248)
	at com.intuit.karate.Suite.<init>(Suite.java:177)
	at com.intuit.karate.Runner$Builder.parallel(Runner.java:483)
	at karate.KarateTestRunner.testFeatureFile(KarateTestRunner.java:17)
	at java.base/jdk.internal.reflect.NativeMethodAccessorImpl.invoke0(Native Method)
	at java.base/jdk.internal.reflect.NativeMethodAccessorImpl.invoke(NativeMethodAccessorImpl.java:77)
	at java.base/jdk.internal.reflect.DelegatingMethodAccessorImpl.invoke(DelegatingMethodAccessorImpl.java:43)
	at java.base/java.lang.reflect.Method.invoke(Method.java:568)
	at org.junit.platform.commons.util.ReflectionUtils.invokeMethod(ReflectionUtils.java:727)
	at org.junit.jupiter.engine.execution.MethodInvocation.proceed(MethodInvocation.java:60)
	at org.junit.jupiter.engine.execution.InvocationInterceptorChain$ValidatingInvocation.proceed(InvocationInterceptorChain.java:131)
	at org.junit.jupiter.engine.extension.TimeoutExtension.intercept(TimeoutExtension.java:156)
	at org.junit.jupiter.engine.extension.TimeoutExtension.interceptTestableMethod(TimeoutExtension.java:147)
	at org.junit.jupiter.engine.extension.TimeoutExtension.interceptTestMethod(TimeoutExtension.java:86)
	at org.junit.jupiter.engine.execution.InterceptingExecutableInvoker$ReflectiveInterceptorCall.lambda$ofVoidMethod$0(InterceptingExecutableInvoker.java:103)
	at org.junit.jupiter.engine.execution.InterceptingExecutableInvoker.lambda$invoke$0(InterceptingExecutableInvoker.java:93)
	at org.junit.jupiter.engine.execution.InvocationInterceptorChain$InterceptedInvocation.proceed(InvocationInterceptorChain.java:106)
	at org.junit.jupiter.engine.execution.InvocationInterceptorChain.proceed(InvocationInterceptorChain.java:64)
	at org.junit.jupiter.engine.execution.InvocationInterceptorChain.chainAndInvoke(InvocationInterceptorChain.java:45)
	at org.junit.jupiter.engine.execution.InvocationInterceptorChain.invoke(InvocationInterceptorChain.java:37)
	at org.junit.jupiter.engine.execution.InterceptingExecutableInvoker.invoke(InterceptingExecutableInvoker.java:92)
	at org.junit.jupiter.engine.execution.InterceptingExecutableInvoker.invoke(InterceptingExecutableInvoker.java:86)
	at org.junit.jupiter.engine.descriptor.TestMethodTestDescriptor.lambda$invokeTestMethod$7(TestMethodTestDescriptor.java:217)
	at org.junit.platform.engine.support.hierarchical.ThrowableCollector.execute(ThrowableCollector.java:73)
	at org.junit.jupiter.engine.descriptor.TestMethodTestDescriptor.invokeTestMethod(TestMethodTestDescriptor.java:213)
	at org.junit.jupiter.engine.descriptor.TestMethodTestDescriptor.execute(TestMethodTestDescriptor.java:138)
	at org.junit.jupiter.engine.descriptor.TestMethodTestDescriptor.execute(TestMethodTestDescriptor.java:68)
	at org.junit.platform.engine.support.hierarchical.NodeTestTask.lambda$executeRecursively$6(NodeTestTask.java:151)
	at org.junit.platform.engine.support.hierarchical.ThrowableCollector.execute(ThrowableCollector.java:73)
	at org.junit.platform.engine.support.hierarchical.NodeTestTask.lambda$executeRecursively$8(NodeTestTask.java:141)
	at org.junit.platform.engine.support.hierarchical.Node.around(Node.java:137)
	at org.junit.platform.engine.support.hierarchical.NodeTestTask.lambda$executeRecursively$9(NodeTestTask.java:139)
	at org.junit.platform.engine.support.hierarchical.ThrowableCollector.execute(ThrowableCollector.java:73)
	at org.junit.platform.engine.support.hierarchical.NodeTestTask.executeRecursively(NodeTestTask.java:138)
	at org.junit.platform.engine.support.hierarchical.NodeTestTask.execute(NodeTestTask.java:95)
	at java.base/java.util.ArrayList.forEach(ArrayList.java:1511)
	at org.junit.platform.engine.support.hierarchical.SameThreadHierarchicalTestExecutorService.invokeAll(SameThreadHierarchicalTestExecutorService.java:41)
	at org.junit.platform.engine.support.hierarchical.NodeTestTask.lambda$executeRecursively$6(NodeTestTask.java:155)
	at org.junit.platform.engine.support.hierarchical.ThrowableCollector.execute(ThrowableCollector.java:73)
	at org.junit.platform.engine.support.hierarchical.NodeTestTask.lambda$executeRecursively$8(NodeTestTask.java:141)
	at org.junit.platform.engine.support.hierarchical.Node.around(Node.java:137)
	at org.junit.platform.engine.support.hierarchical.NodeTestTask.lambda$executeRecursively$9(NodeTestTask.java:139)
	at org.junit.platform.engine.support.hierarchical.ThrowableCollector.execute(ThrowableCollector.java:73)
	at org.junit.platform.engine.support.hierarchical.NodeTestTask.executeRecursively(NodeTestTask.java:138)
	at org.junit.platform.engine.support.hierarchical.NodeTestTask.execute(NodeTestTask.java:95)
	at java.base/java.util.ArrayList.forEach(ArrayList.java:1511)
	at org.junit.platform.engine.support.hierarchical.SameThreadHierarchicalTestExecutorService.invokeAll(SameThreadHierarchicalTestExecutorService.java:41)
	at org.junit.platform.engine.support.hierarchical.NodeTestTask.lambda$executeRecursively$6(NodeTestTask.java:155)
	at org.junit.platform.engine.support.hierarchical.ThrowableCollector.execute(ThrowableCollector.java:73)
	at org.junit.platform.engine.support.hierarchical.NodeTestTask.lambda$executeRecursively$8(NodeTestTask.java:141)
	at org.junit.platform.engine.support.hierarchical.Node.around(Node.java:137)
	at org.junit.platform.engine.support.hierarchical.NodeTestTask.lambda$executeRecursively$9(NodeTestTask.java:139)
	at org.junit.platform.engine.support.hierarchical.ThrowableCollector.execute(ThrowableCollector.java:73)
	at org.junit.platform.engine.support.hierarchical.NodeTestTask.executeRecursively(NodeTestTask.java:138)
	at org.junit.platform.engine.support.hierarchical.NodeTestTask.execute(NodeTestTask.java:95)
	at org.junit.platform.engine.support.hierarchical.SameThreadHierarchicalTestExecutorService.submit(SameThreadHierarchicalTestExecutorService.java:35)
	at org.junit.platform.engine.support.hierarchical.HierarchicalTestExecutor.execute(HierarchicalTestExecutor.java:57)
	at org.junit.platform.engine.support.hierarchical.HierarchicalTestEngine.execute(HierarchicalTestEngine.java:54)
	at org.junit.platform.launcher.core.EngineExecutionOrchestrator.execute(EngineExecutionOrchestrator.java:147)
	at org.junit.platform.launcher.core.EngineExecutionOrchestrator.execute(EngineExecutionOrchestrator.java:127)
	at org.junit.platform.launcher.core.EngineExecutionOrchestrator.execute(EngineExecutionOrchestrator.java:90)
	at org.junit.platform.launcher.core.EngineExecutionOrchestrator.lambda$execute$0(EngineExecutionOrchestrator.java:55)
	at org.junit.platform.launcher.core.EngineExecutionOrchestrator.withInterceptedStreams(EngineExecutionOrchestrator.java:102)
	at org.junit.platform.launcher.core.EngineExecutionOrchestrator.execute(EngineExecutionOrchestrator.java:54)
	at org.junit.platform.launcher.core.DefaultLauncher.execute(DefaultLauncher.java:114)
	at org.junit.platform.launcher.core.DefaultLauncher.execute(DefaultLauncher.java:86)
	at org.junit.platform.launcher.core.DefaultLauncherSession$DelegatingLauncher.execute(DefaultLauncherSession.java:86)
	at org.apache.maven.surefire.junitplatform.LazyLauncher.execute(LazyLauncher.java:50)
	at org.apache.maven.surefire.junitplatform.JUnitPlatformProvider.execute(JUnitPlatformProvider.java:184)
	at org.apache.maven.surefire.junitplatform.JUnitPlatformProvider.invokeAllTests(JUnitPlatformProvider.java:148)
	at org.apache.maven.surefire.junitplatform.JUnitPlatformProvider.invoke(JUnitPlatformProvider.java:122)
	at org.apache.maven.surefire.booter.ForkedBooter.runSuitesInProcess(ForkedBooter.java:385)
	at org.apache.maven.surefire.booter.ForkedBooter.execute(ForkedBooter.java:162)
	at org.apache.maven.surefire.booter.ForkedBooter.run(ForkedBooter.java:507)
	at org.apache.maven.surefire.booter.ForkedBooter.main(ForkedBooter.java:495)

[INFO] 
[INFO] Results:
[INFO] 
[ERROR] Errors: 
[ERROR]   KarateTestRunner.testFeatureFile:17 Â» Runtime mismatched input '<EOF>' expecting {FEATURE_TAGS, FEATURE}
[INFO] 
[ERROR] Tests run: 1, Failures: 0, Errors: 1, Skipped: 0
[INFO] 
[INFO] ------------------------------------------------------------------------
[INFO] BUILD FAILURE
[INFO] ------------------------------------------------------------------------
[INFO] Total time:  2.539 s
[INFO] Finished at: 2024-11-10T08:14:41Z
[INFO] ------------------------------------------------------------------------
[ERROR] Failed to execute goal org.apache.maven.plugins:maven-surefire-plugin:3.0.0:test (default-test) on project bolatestingframework: 
[ERROR] 
[ERROR] Please refer to /app/target/surefire-reports for the individual test results.
[ERROR] Please refer to dump files (if any exist) [date].dump, [date]-jvmRun[N].dump and [date].dumpstream.
[ERROR] -> [Help 1]
[ERROR] 
[ERROR] To see the full stack trace of the errors, re-run Maven with the -e switch.
[ERROR] Re-run Maven using the -X switch to enable full debug logging.
[ERROR] 
[ERROR] For more information about the errors and possible solutions, please read the following articles:
[ERROR] [Help 1] http://cwiki.apache.org/confluence/display/MAVEN/MojoFailureException
line 1:0 token recognition error at: 'I'
line 1:1 token recognition error at: ' a'
line 1:3 token recognition error at: 'p'
line 1:4 token recognition error at: 'o'
line 1:5 token recognition error at: 'l'
line 1:6 token recognition error at: 'o'
line 1:7 token recognition error at: 'g'
line 1:8 token recognition error at: 'i'
line 1:9 token recognition error at: 'z'
line 1:10 token recognition error at: 'e'
line 1:11 token recognition error at: ','
line 1:12 token recognition error at: ' b'
line 1:14 token recognition error at: 'u'
line 1:15 token recognition error at: 't'
line 1:16 token recognition error at: ' I'
line 1:18 token recognition error at: ' d'
line 1:20 token recognition error at: 'o'
line 1:21 token recognition error at: 'n'
line 1:22 token recognition error at: '''
line 1:23 token recognition error at: 't'
line 1:24 token recognition error at: ' s'
line 1:26 token recognition error at: 'e'
line 1:27 token recognition error at: 'e'
line 1:28 token recognition error at: ' a'
line 1:30 token recognition error at: ' K'
line 1:32 token recognition error at: 'a'
line 1:33 token recognition error at: 'r'
line 1:34 token recognition error at: 'a'
line 1:35 token recognition error at: 't'
line 1:36 token recognition error at: 'e'
line 1:37 token recognition error at: ' D'
line 1:39 token recognition error at: 'S'
line 1:40 token recognition error at: 'L'
line 1:41 token recognition error at: ' s'
line 1:43 token recognition error at: 'c'
line 1:44 token recognition error at: 'r'
line 1:45 token recognition error at: 'i'
line 1:46 token recognition error at: 'p'
line 1:47 token recognition error at: 't'
line 1:48 token recognition error at: ' i'
line 1:50 token recognition error at: 'n'
line 1:51 token recognition error at: ' y'
line 1:53 token recognition error at: 'o'
line 1:54 token recognition error at: 'u'
line 1:55 token recognition error at: 'r'
line 1:56 token recognition error at: ' m'
line 1:58 token recognition error at: 'e'
line 1:59 token recognition error at: 's'
line 1:60 token recognition error at: 's'
line 1:61 token recognition error at: 'a'
line 1:62 token recognition error at: 'g'
line 1:63 token recognition error at: 'e'
line 1:64 token recognition error at: '.'
line 1:65 token recognition error at: ' I'
line 1:67 token recognition error at: 'f'
line 1:68 token recognition error at: ' y'
line 1:70 token recognition error at: 'o'
line 1:71 token recognition error at: 'u'
line 1:72 token recognition error at: ' m'
line 1:74 token recognition error at: 'e'
line 1:75 token recognition error at: 'a'
line 1:76 token recognition error at: 'n'
line 1:77 token recognition error at: 't'
line 1:78 token recognition error at: ' t'
line 1:80 token recognition error at: 'o'
line 1:81 token recognition error at: ' s'
line 1:83 token recognition error at: 'h'
line 1:84 token recognition error at: 'a'
line 1:85 token recognition error at: 'r'
line 1:86 token recognition error at: 'e'
line 1:87 token recognition error at: ' o'
line 1:89 token recognition error at: 'n'
line 1:90 token recognition error at: 'e'
line 1:91 token recognition error at: ' a'
line 1:93 token recognition error at: 'n'
line 1:94 token recognition error at: 'd'
line 1:95 token recognition error at: ' i'
line 1:97 token recognition error at: 't'
line 1:98 token recognition error at: ' w'
line 1:100 token recognition error at: 'a'
line 1:101 token recognition error at: 's'
line 1:102 token recognition error at: ' t'
line 1:104 token recognition error at: 'o'
line 1:105 token recognition error at: 'o'
line 1:106 token recognition error at: ' l'
line 1:108 token recognition error at: 'o'
line 1:109 token recognition error at: 'n'
line 1:110 token recognition error at: 'g'
line 1:111 token recognition error at: ','
line 1:112 token recognition error at: ' p'
line 1:114 token recognition error at: 'l'
line 1:115 token recognition error at: 'e'
line 1:116 token recognition error at: 'a'
line 1:117 token recognition error at: 's'
line 1:118 token recognition error at: 'e'
line 1:119 token recognition error at: ' f'
line 1:121 token recognition error at: 'e'
line 1:122 token recognition error at: 'e'
line 1:123 token recognition error at: 'l'
line 1:124 token recognition error at: ' f'
line 1:126 token recognition error at: 'r'
line 1:127 token recognition error at: 'e'
line 1:128 token recognition error at: 'e'
line 1:129 token recognition error at: ' t'
line 1:131 token recognition error at: 'o'
line 1:132 token recognition error at: ' b'
line 1:134 token recognition error at: 'r'
line 1:135 token recognition error at: 'e'
line 1:136 token recognition error at: 'a'
line 1:137 token recognition error at: 'k'
line 1:138 token recognition error at: ' i'
line 1:140 token recognition error at: 't'
line 1:141 token recognition error at: ' u'
line 1:143 token recognition error at: 'p'
line 1:144 token recognition error at: ' i'
line 1:146 token recognition error at: 'n'
line 1:147 token recognition error at: 't'
line 1:148 token recognition error at: 'o'
line 1:149 token recognition error at: ' s'
line 1:151 token recognition error at: 'm'
line 1:152 token recognition error at: 'a'
line 1:153 token recognition error at: 'l'
line 1:154 token recognition error at: 'l'
line 1:155 token recognition error at: 'e'
line 1:156 token recognition error at: 'r'
line 1:157 token recognition error at: ' c'
line 1:159 token recognition error at: 'h'
line 1:160 token recognition error at: 'u'
line 1:161 token recognition error at: 'n'
line 1:162 token recognition error at: 'k'
line 1:163 token recognition error at: 's'
line 1:164 token recognition error at: ' o'
line 1:166 token recognition error at: 'r'
line 1:167 token recognition error at: ' p'
line 1:169 token recognition error at: 'r'
line 1:170 token recognition error at: 'o'
line 1:171 token recognition error at: 'v'
line 1:172 token recognition error at: 'i'
line 1:173 token recognition error at: 'd'
line 1:174 token recognition error at: 'e'
line 1:175 token recognition error at: ' t'
line 1:177 token recognition error at: 'h'
line 1:178 token recognition error at: 'e'
line 1:179 token recognition error at: ' r'
line 1:181 token recognition error at: 'e'
line 1:182 token recognition error at: 'l'
line 1:183 token recognition error at: 'e'
line 1:184 token recognition error at: 'v'
line 1:185 token recognition error at: 'a'
line 1:186 token recognition error at: 'n'
line 1:187 token recognition error at: 't'
line 1:188 token recognition error at: ' p'
line 1:190 token recognition error at: 'a'
line 1:191 token recognition error at: 'r'
line 1:192 token recognition error at: 't'
line 1:193 token recognition error at: 's'
line 1:194 token recognition error at: ' o'
line 1:196 token recognition error at: 'f'
line 1:197 token recognition error at: ' t'
line 1:199 token recognition error at: 'h'
line 1:200 token recognition error at: 'e'
line 1:201 token recognition error at: ' s'
line 1:203 token recognition error at: 'c'
line 1:204 token recognition error at: 'r'
line 1:205 token recognition error at: 'i'
line 1:206 token recognition error at: 'p'
line 1:207 token recognition error at: 't'
line 1:208 token recognition error at: ' t'
line 1:210 token recognition error at: 'h'
line 1:211 token recognition error at: 'a'
line 1:212 token recognition error at: 't'
line 1:213 token recognition error at: ' n'
line 1:215 token recognition error at: 'e'
line 1:216 token recognition error at: 'e'
line 1:217 token recognition error at: 'd'
line 1:218 token recognition error at: ' c'
line 1:220 token recognition error at: 'o'
line 1:221 token recognition error at: 'r'
line 1:222 token recognition error at: 'r'
line 1:223 token recognition error at: 'e'
line 1:224 token recognition error at: 'c'
line 1:225 token recognition error at: 't'
line 1:226 token recognition error at: 'i'
line 1:227 token recognition error at: 'o'
line 1:228 token recognition error at: 'n'
line 1:229 token recognition error at: '.'
line 1:230 mismatched input '<EOF>' expecting {FEATURE_TAGS, FEATURE}
